proguard/mapping.txt
com.leng.hiddencamera.CameraActivity -> com.leng.hiddencamera.CameraActivity:
    android.content.Intent intent -> a
    android.view.WindowManager mWindowManager -> b
    android.view.WindowManager$LayoutParams mWindowLayoutParams -> c
    android.view.View mRootView -> d
    android.app.NotificationManager mNotificationManager -> e
    android.hardware.Camera mCamera -> f
    int mCameraId -> g
    android.media.MediaRecorder mMediaRecorder -> h
    com.leng.hiddencamera.view.CameraPreview mPreview -> i
    android.os.Handler mHandler -> j
    boolean mIsRecording -> k
    boolean mPreviewEnabled -> l
    int mMaxDuration -> m
    boolean mSDReady -> n
    android.hardware.SensorManager mSensorManager -> o
    android.hardware.SensorEventListener mSensorListener -> p
    int mShakeValue -> q
    java.lang.String mFileDir -> r
    long available -> s
    int time -> t
    int time1 -> u
    int time2 -> v
    java.util.Timer timer -> w
    java.util.TimerTask task -> x
    java.lang.String password -> y
    int mPreviewWidth -> z
    int mPreviewHeight -> A
    long availableInternalMemorySize -> B
    void onCreate() -> onCreate
    int onStartCommand(android.content.Intent,int,int) -> onStartCommand
    void stopRecording() -> a
    boolean prepareVideoRecorder() -> b
    void showPreview(boolean) -> a
    void releaseMediaRecorder() -> c
    void releaseCamera() -> d
    android.hardware.Camera getCameraInstance() -> e
com.leng.hiddencamera.CameraActivity$1 -> com.leng.hiddencamera.a:
    com.leng.hiddencamera.CameraActivity this$0 -> a
    void handleMessage(android.os.Message) -> handleMessage
com.leng.hiddencamera.CameraActivity$2 -> com.leng.hiddencamera.b:
    com.leng.hiddencamera.CameraActivity this$0 -> a
    void run() -> run
com.leng.hiddencamera.CameraActivity$8 -> com.leng.hiddencamera.c:
    com.leng.hiddencamera.CameraActivity this$0 -> a
    void onClick(android.view.View) -> onClick
    com.leng.hiddencamera.CameraActivity access$0(com.leng.hiddencamera.CameraActivity$8) -> a
com.leng.hiddencamera.CameraActivity$8$1 -> com.leng.hiddencamera.d:
    com.leng.hiddencamera.CameraActivity$8 this$1 -> a
    void run() -> run
com.leng.hiddencamera.CameraActivity$9 -> com.leng.hiddencamera.e:
    com.leng.hiddencamera.CameraActivity this$0 -> a
    boolean onKey(android.view.View,int,android.view.KeyEvent) -> onKey
com.leng.hiddencamera.DecryptionZipUtil -> com.leng.hiddencamera.f:
    void unzip$30c4c46f(java.lang.String,java.lang.String,java.lang.String) -> a
com.leng.hiddencamera.MainActivity2 -> com.leng.hiddencamera.MainActivity2:
    java.lang.String strreg -> a
    java.lang.String IMEI -> b
    boolean sIsRecording -> c
    java.lang.String password -> d
    android.os.Handler mHandler -> e
    void onCreate(android.os.Bundle) -> onCreate
    java.util.Calendar getCal(java.lang.String) -> a
    boolean onKeyDown(int,android.view.KeyEvent) -> onKeyDown
com.leng.hiddencamera.MainActivity2$1 -> com.leng.hiddencamera.g:
    com.leng.hiddencamera.MainActivity2 this$0 -> a
    void dispatchMessage(android.os.Message) -> dispatchMessage
...
android.support.v4.app.ShareCompat$ShareCompatImpl -> android.support.v4.app.ShareCompat$ShareCompatImpl:
    void configureMenuItem(android.view.MenuItem,android.support.v4.app.ShareCompat$IntentBuilder) -> configureMenuItem
    java.lang.String escapeHtml(java.lang.CharSequence) -> escapeHtml
android.support.v4.app.ShareCompat$ShareCompatImplBase -> android.support.v4.app.ShareCompat$ShareCompatImplBase:
    void configureMenuItem(android.view.MenuItem,android.support.v4.app.ShareCompat$IntentBuilder) -> configureMenuItem
    java.lang.String escapeHtml(java.lang.CharSequence) -> escapeHtml
    void withinStyle(java.lang.StringBuilder,java.lang.CharSequence,int,int) -> withinStyle
android.support.v4.app.ShareCompat$ShareCompatImplICS -> android.support.v4.app.ShareCompat$ShareCompatImplICS:
    void configureMenuItem(android.view.MenuItem,android.support.v4.app.ShareCompat$IntentBuilder) -> configureMenuItem
    boolean shouldAddChooserIntent(android.view.MenuItem) -> shouldAddChooserIntent
android.support.v4.app.ShareCompat$ShareCompatImplJB -> android.support.v4.app.ShareCompat$ShareCompatImplJB:
    java.lang.String escapeHtml(java.lang.CharSequence) -> escapeHtml
    boolean shouldAddChooserIntent(android.view.MenuItem) -> shouldAddChooserIntent
android.support.v4.app.ShareCompatICS -> android.support.v4.app.ShareCompatICS:
    java.lang.String HISTORY_FILENAME_PREFIX -> HISTORY_FILENAME_PREFIX
    void configureMenuItem(android.view.MenuItem,android.app.Activity,android.content.Intent) -> configureMenuItem
android.support.v4.app.ShareCompatJB -> android.support.v4.app.ShareCompatJB:
    java.lang.String escapeHtml(java.lang.CharSequence) -> escapeHtml
android.support.v4.app.SuperNotCalledException -> android.support.v4.app.SuperNotCalledException:
android.support.v4.app.TaskStackBuilder -> android.support.v4.app.TaskStackBuilder:
    java.lang.String TAG -> TAG
    android.support.v4.app.TaskStackBuilder$TaskStackBuilderImpl IMPL -> IMPL
    java.util.ArrayList mIntents -> mIntents
    android.content.Context mSourceContext -> mSourceContext
    android.support.v4.app.TaskStackBuilder create(android.content.Context) -> create
    android.support.v4.app.TaskStackBuilder from(android.content.Context) -> from
    android.support.v4.app.TaskStackBuilder addNextIntent(android.content.Intent) -> addNextIntent
    android.support.v4.app.TaskStackBuilder addNextIntentWithParentStack(android.content.Intent) -> addNextIntentWithParentStack
    android.support.v4.app.TaskStackBuilder addParentStack(android.app.Activity) -> addParentStack
    android.support.v4.app.TaskStackBuilder addParentStack(java.lang.Class) -> addParentStack
    android.support.v4.app.TaskStackBuilder addParentStack(android.content.ComponentName) -> addParentStack
    int getIntentCount() -> getIntentCount
    android.content.Intent getIntent(int) -> getIntent
    android.content.Intent editIntentAt(int) -> editIntentAt
    java.util.Iterator iterator() -> iterator
    void startActivities() -> startActivities
    void startActivities(android.os.Bundle) -> startActivities
    android.app.PendingIntent getPendingIntent(int,int) -> getPendingIntent
    android.app.PendingIntent getPendingIntent(int,int,android.os.Bundle) -> getPendingIntent
android.support.v4.app.TaskStackBuilder$SupportParentable -> android.support.v4.app.TaskStackBuilder$SupportParentable:
    android.content.Intent getSupportParentActivityIntent() -> getSupportParentActivityIntent
android.support.v4.app.TaskStackBuilder$TaskStackBuilderImpl -> android.support.v4.app.TaskStackBuilder$TaskStackBuilderImpl:
    android.app.PendingIntent getPendingIntent(android.content.Context,android.content.Intent[],int,int,android.os.Bundle) -> getPendingIntent