proguard/usage.txt
com.leng.hiddencamera.BuildConfig
com.leng.hiddencamera.CameraActivity:
    private static final int NOTIFI_ID_SERVICE_STARTED
    public static final java.lang.String EXTRA_ACTION
    public static final java.lang.String ACTION_START
    public static final java.lang.String ACTION_STOP
    public static final java.lang.String ACTION_TAKE_RECORD
    public static final java.lang.String ACTION_SWITCH_STATE
    public static final java.lang.String STOP_RECORDING
    public static final java.lang.String ACTION_RECORDING
    private static final int MSG_START_RECORDING
    private static final int MSG_STOP_RECORDING
    private static final int MSG_SHOW_PREVIEW
    private static final int MSG_HIDE_PREVIEW
    private static final int MSG_RESTART_RECORDING
    private static final int MSG_SEND_MESSAGE
    private static final long LOW_STORAGE_SIZE
    private android.widget.Button mCaptureButton
    private android.widget.Button mQuitButton
    private android.hardware.Sensor mSensor
    private float mSensorValueX
    private float mSensorValueY
    private float mSensorValueZ
    private long mShakeTS
    private static final java.lang.String CONFIG_PATH_FOLDER
    private static final java.lang.String CONFIG_PATH
    public static final int MEDIA_TYPE_IMAGE
    public static final int MEDIA_TYPE_VIDEO
    397:405:public boolean fileIsExists(java.lang.String)
    415:569:public void checkInfo()
    573:576:private java.lang.String getCurrentTime()
com.leng.hiddencamera.CameraActivity$3
com.leng.hiddencamera.CameraActivity$4
com.leng.hiddencamera.CameraActivity$5
com.leng.hiddencamera.CameraActivity$6
com.leng.hiddencamera.CameraActivity$7
com.leng.hiddencamera.DecryptionZipUtil:
    28:28:public DecryptionZipUtil()
    37:61:public static void zip(android.content.Context,java.lang.String,java.lang.String,java.lang.String)
    73:82:private static void doZip(java.io.File,de.idyl.winzipaes.AesZipFileEncrypter,java.lang.String,java.lang.String)
    142:142:public static void main(java.lang.String[])
com.leng.hiddencamera.L:
    private static final boolean ENABLED
    private static final java.lang.String TAG
    3:3:public L()
    15:17:public static void d(java.lang.String,java.lang.String)
com.leng.hiddencamera.MainActivity2:
    private static final int VERSION_MSG
    private static final java.lang.String NAMESPACE
    private static final java.lang.String CONFIG_PATH_FOLDER
    private static final java.lang.String CONFIG_PATH
    214:222:public boolean fileIsExists(java.lang.String)
    226:229:private java.lang.String getCurrentTime()
    239:393:public void checkInfo()
    422:432:public void checkVersion()
    439:443:public static java.lang.String getVersionName(android.content.Context)
    447:459:private void checkVersionIsUse(java.lang.String)
    481:491:public java.lang.String VerifUse(java.lang.String,int,java.lang.String,java.lang.String,java.lang.String)
    507:542:public java.lang.String getWebServiceResponse(java.lang.String,java.lang.String,java.lang.String)
    558:572:public java.lang.String parseResponseXML(java.io.InputStream,java.lang.String)
    71:71:static synthetic android.os.Handler access$0(com.leng.hiddencamera.MainActivity2)
com.leng.hiddencamera.MainActivity2$2
com.leng.hiddencamera.MainActivity2$3
com.leng.hiddencamera.MainActivity2$4
com.leng.hiddencamera.MainActivity2$5
com.leng.hiddencamera.MainActivity2$6
com.leng.hiddencamera.MainActivity2$7
...
org.bouncycastle.jce.provider.MultiCertStoreSpi
org.bouncycastle.jce.provider.OldPKCS12ParametersGenerator
org.bouncycastle.jce.provider.PBE
org.bouncycastle.jce.provider.PBE$Util
org.bouncycastle.jce.provider.PEMUtil
org.bouncycastle.jce.provider.PKCS12BagAttributeCarrierImpl
org.bouncycastle.jce.provider.PKIXAttrCertPathBuilderSpi
org.bouncycastle.jce.provider.PKIXAttrCertPathValidatorSpi
org.bouncycastle.jce.provider.PKIXCertPath
org.bouncycastle.jce.provider.PKIXCertPathBuilderSpi
org.bouncycastle.jce.provider.PKIXCertPathValidatorSpi
org.bouncycastle.jce.provider.PKIXNameConstraintValidator
org.bouncycastle.jce.provider.PKIXNameConstraintValidatorException
org.bouncycastle.jce.provider.PKIXPolicyNode
org.bouncycastle.jce.provider.ProviderUtil
org.bouncycastle.jce.provider.RFC3280CertPathUtilities
org.bouncycastle.jce.provider.RFC3281CertPathUtilities
org.bouncycastle.jce.provider.RSAUtil
org.bouncycastle.jce.provider.ReasonsMask
org.bouncycastle.jce.provider.WrapCipherSpi
org.bouncycastle.jce.provider.WrapCipherSpi$DESEDEWrap
org.bouncycastle.jce.provider.WrapCipherSpi$RC2Wrap
org.bouncycastle.jce.provider.WrapCipherSpi$RFC3211DESedeWrap
org.bouncycastle.jce.provider.X509AttrCertParser
org.bouncycastle.jce.provider.X509CRLEntryObject
org.bouncycastle.jce.provider.X509CRLObject
org.bouncycastle.jce.provider.X509CRLParser
org.bouncycastle.jce.provider.X509CertPairParser
org.bouncycastle.jce.provider.X509CertParser
org.bouncycastle.jce.provider.X509CertificateObject
org.bouncycastle.jce.provider.X509LDAPCertStoreSpi
org.bouncycastle.jce.provider.X509SignatureUtil
org.bouncycastle.jce.provider.X509StoreAttrCertCollection
org.bouncycastle.jce.provider.X509StoreCRLCollection
org.bouncycastle.jce.provider.X509StoreCertCollection
org.bouncycastle.jce.provider.X509StoreCertPairCollection
org.bouncycastle.jce.provider.X509StoreLDAPAttrCerts
org.bouncycastle.jce.provider.X509StoreLDAPCRLs
org.bouncycastle.jce.provider.X509StoreLDAPCertPairs
org.bouncycastle.jce.provider.X509StoreLDAPCerts
org.bouncycastle.jce.provider.symmetric.AES
org.bouncycastle.jce.provider.symmetric.AES$AlgParamGen
org.bouncycastle.jce.provider.symmetric.AES$AlgParams
org.bouncycastle.jce.provider.symmetric.AES$CBC
org.bouncycastle.jce.provider.symmetric.AES$CFB
org.bouncycastle.jce.provider.symmetric.AES$ECB
org.bouncycastle.jce.provider.symmetric.AES$KeyGen
org.bouncycastle.jce.provider.symmetric.AES$KeyGen128
org.bouncycastle.jce.provider.symmetric.AES$KeyGen192
org.bouncycastle.jce.provider.symmetric.AES$KeyGen256
org.bouncycastle.jce.provider.symmetric.AES$OFB
org.bouncycastle.jce.provider.symmetric.AES$RFC3211Wrap
org.bouncycastle.jce.provider.symmetric.AES$Wrap
org.bouncycastle.jce.provider.symmetric.AESMappings
org.bouncycastle.jce.provider.symmetric.CAST5
org.bouncycastle.jce.provider.symmetric.CAST5$AlgParamGen
org.bouncycastle.jce.provider.symmetric.CAST5$AlgParams
org.bouncycastle.jce.provider.symmetric.CAST5$CBC
org.bouncycastle.jce.provider.symmetric.CAST5$ECB
org.bouncycastle.jce.provider.symmetric.CAST5$KeyGen
org.bouncycastle.jce.provider.symmetric.CAST5Mappings
org.bouncycastle.jce.provider.symmetric.Camellia
org.bouncycastle.jce.provider.symmetric.Camellia$AlgParamGen
org.bouncycastle.jce.provider.symmetric.Camellia$AlgParams
org.bouncycastle.jce.provider.symmetric.Camellia$CBC
org.bouncycastle.jce.provider.symmetric.Camellia$ECB
org.bouncycastle.jce.provider.symmetric.Camellia$KeyGen
org.bouncycastle.jce.provider.symmetric.Camellia$KeyGen128
org.bouncycastle.jce.provider.symmetric.Camellia$KeyGen192
org.bouncycastle.jce.provider.symmetric.Camellia$KeyGen256
org.bouncycastle.jce.provider.symmetric.Camellia$RFC3211Wrap
org.bouncycastle.jce.provider.symmetric.Camellia$Wrap
org.bouncycastle.jce.provider.symmetric.CamelliaMappings
org.bouncycastle.jce.provider.symmetric.Noekeon
org.bouncycastle.jce.provider.symmetric.Noekeon$AlgParamGen
org.bouncycastle.jce.provider.symmetric.Noekeon$AlgParams
org.bouncycastle.jce.provider.symmetric.Noekeon$ECB